<?xml version="1.0" encoding="UTF-8"?>
<coverage generated="1613648518447" clover="3.2.0">
  <project timestamp="1613648518447" name="All files">
    <metrics statements="12" coveredstatements="12" conditionals="0" coveredconditionals="0" methods="8" coveredmethods="8" elements="20" coveredelements="20" complexity="0" loc="12" ncloc="12" packages="1" files="5" classes="5"/>
    <file name="arrays.js" path="/home/informatica/Proyectos/testing-js/src/arrays.js">
      <metrics statements="2" coveredstatements="2" conditionals="0" coveredconditionals="0" methods="0" coveredmethods="0"/>
      <line num="2" count="1" type="stmt"/>
      <line num="3" count="1" type="stmt"/>
    </file>
    <file name="boolean.js" path="/home/informatica/Proyectos/testing-js/src/boolean.js">
      <metrics statements="4" coveredstatements="4" conditionals="0" coveredconditionals="0" methods="4" coveredmethods="4"/>
      <line num="2" count="1" type="stmt"/>
      <line num="3" count="1" type="stmt"/>
      <line num="4" count="1" type="stmt"/>
      <line num="5" count="1" type="stmt"/>
    </file>
    <file name="funciones.js" path="/home/informatica/Proyectos/testing-js/src/funciones.js">
      <metrics statements="4" coveredstatements="4" conditionals="0" coveredconditionals="0" methods="4" coveredmethods="4"/>
      <line num="3" count="2" type="stmt"/>
      <line num="4" count="3" type="stmt"/>
      <line num="5" count="2" type="stmt"/>
      <line num="6" count="2" type="stmt"/>
    </file>
    <file name="persona.js" path="/home/informatica/Proyectos/testing-js/src/persona.js">
      <metrics statements="2" coveredstatements="2" conditionals="0" coveredconditionals="0" methods="0" coveredmethods="0"/>
      <line num="1" count="1" type="stmt"/>
      <line num="5" count="1" type="stmt"/>
    </file>
    <file name="strings.js" path="/home/informatica/Proyectos/testing-js/src/strings.js">
      <metrics statements="0" coveredstatements="0" conditionals="0" coveredconditionals="0" methods="0" coveredmethods="0"/>
    </file>
  </project>
</coverage>
