{"/home/informatica/Proyectos/testing-js/src/arrays.js": {"path":"/home/informatica/Proyectos/testing-js/src/arrays.js","statementMap":{"0":{"start":{"line":2,"column":26},"end":{"line":2,"column":118}},"1":{"start":{"line":3,"column":20},"end":{"line":3,"column":94}}},"fnMap":{},"branchMap":{},"s":{"0":1,"1":1},"f":{},"b":{},"_coverageSchema":"1a1c01bbd47fc00a2c39e90264f33305004495a9","hash":"f97f26e1f32bdcaca0a32a48ade82350e77d25c4"}
,"/home/informatica/Proyectos/testing-js/src/asincronia.js": {"path":"/home/informatica/Proyectos/testing-js/src/asincronia.js","statementMap":{"0":{"start":{"line":7,"column":24},"end":{"line":7,"column":93}},"1":{"start":{"line":7,"column":38},"end":{"line":7,"column":93}},"2":{"start":{"line":7,"column":55},"end":{"line":7,"column":86}},"3":{"start":{"line":10,"column":24},"end":{"line":14,"column":2}},"4":{"start":{"line":10,"column":33},"end":{"line":14,"column":2}},"5":{"start":{"line":11,"column":2},"end":{"line":13,"column":45}},"6":{"start":{"line":12,"column":24},"end":{"line":12,"column":46}},"7":{"start":{"line":13,"column":22},"end":{"line":13,"column":43}}},"fnMap":{"0":{"name":"(anonymous_0)","decl":{"start":{"line":7,"column":24},"end":{"line":7,"column":25}},"loc":{"start":{"line":7,"column":38},"end":{"line":7,"column":93}},"line":7},"1":{"name":"(anonymous_1)","decl":{"start":{"line":7,"column":49},"end":{"line":7,"column":50}},"loc":{"start":{"line":7,"column":55},"end":{"line":7,"column":86}},"line":7},"2":{"name":"(anonymous_2)","decl":{"start":{"line":10,"column":24},"end":{"line":10,"column":25}},"loc":{"start":{"line":10,"column":33},"end":{"line":14,"column":2}},"line":10},"3":{"name":"(anonymous_3)","decl":{"start":{"line":10,"column":45},"end":{"line":10,"column":46}},"loc":{"start":{"line":10,"column":66},"end":{"line":14,"column":1}},"line":10},"4":{"name":"(anonymous_4)","decl":{"start":{"line":12,"column":10},"end":{"line":12,"column":11}},"loc":{"start":{"line":12,"column":24},"end":{"line":12,"column":46}},"line":12},"5":{"name":"(anonymous_5)","decl":{"start":{"line":13,"column":11},"end":{"line":13,"column":12}},"loc":{"start":{"line":13,"column":22},"end":{"line":13,"column":43}},"line":13}},"branchMap":{},"s":{"0":1,"1":1,"2":1,"3":1,"4":6,"5":6,"6":4,"7":2},"f":{"0":1,"1":1,"2":6,"3":6,"4":4,"5":2},"b":{},"_coverageSchema":"1a1c01bbd47fc00a2c39e90264f33305004495a9","hash":"a7922f2f5f2148dfe4575a5aa3939dc72d2a2f53"}
,"/home/informatica/Proyectos/testing-js/src/boolean.js": {"path":"/home/informatica/Proyectos/testing-js/src/boolean.js","statementMap":{"0":{"start":{"line":2,"column":22},"end":{"line":2,"column":32}},"1":{"start":{"line":2,"column":28},"end":{"line":2,"column":32}},"2":{"start":{"line":3,"column":23},"end":{"line":3,"column":34}},"3":{"start":{"line":3,"column":29},"end":{"line":3,"column":34}},"4":{"start":{"line":4,"column":22},"end":{"line":4,"column":32}},"5":{"start":{"line":4,"column":28},"end":{"line":4,"column":32}},"6":{"start":{"line":5,"column":27},"end":{"line":5,"column":42}},"7":{"start":{"line":5,"column":33},"end":{"line":5,"column":42}}},"fnMap":{"0":{"name":"(anonymous_0)","decl":{"start":{"line":2,"column":22},"end":{"line":2,"column":23}},"loc":{"start":{"line":2,"column":28},"end":{"line":2,"column":32}},"line":2},"1":{"name":"(anonymous_1)","decl":{"start":{"line":3,"column":23},"end":{"line":3,"column":24}},"loc":{"start":{"line":3,"column":29},"end":{"line":3,"column":34}},"line":3},"2":{"name":"(anonymous_2)","decl":{"start":{"line":4,"column":22},"end":{"line":4,"column":23}},"loc":{"start":{"line":4,"column":28},"end":{"line":4,"column":32}},"line":4},"3":{"name":"(anonymous_3)","decl":{"start":{"line":5,"column":27},"end":{"line":5,"column":28}},"loc":{"start":{"line":5,"column":33},"end":{"line":5,"column":42}},"line":5}},"branchMap":{},"s":{"0":1,"1":1,"2":1,"3":1,"4":1,"5":1,"6":1,"7":1},"f":{"0":1,"1":1,"2":1,"3":1},"b":{},"_coverageSchema":"1a1c01bbd47fc00a2c39e90264f33305004495a9","hash":"0e34ccdf81dd9bb6450d3f8966818d1e52f38b77"}
,"/home/informatica/Proyectos/testing-js/src/contactos.js": {"path":"/home/informatica/Proyectos/testing-js/src/contactos.js","statementMap":{"0":{"start":{"line":5,"column":16},"end":{"line":5,"column":18}},"1":{"start":{"line":14,"column":4},"end":{"line":25,"column":5}},"2":{"start":{"line":22,"column":6},"end":{"line":22,"column":31}},"3":{"start":{"line":24,"column":6},"end":{"line":24,"column":42}},"4":{"start":{"line":34,"column":18},"end":{"line":36,"column":43}},"5":{"start":{"line":35,"column":23},"end":{"line":35,"column":25}},"6":{"start":{"line":36,"column":25},"end":{"line":36,"column":42}},"7":{"start":{"line":41,"column":4},"end":{"line":49,"column":5}},"8":{"start":{"line":43,"column":6},"end":{"line":46,"column":8}},"9":{"start":{"line":56,"column":4},"end":{"line":56,"column":19}},"10":{"start":{"line":63,"column":4},"end":{"line":65,"column":6}},"11":{"start":{"line":74,"column":4},"end":{"line":76,"column":33}},"12":{"start":{"line":75,"column":26},"end":{"line":75,"column":36}},"13":{"start":{"line":76,"column":25},"end":{"line":76,"column":30}}},"fnMap":{"0":{"name":"(anonymous_0)","decl":{"start":{"line":13,"column":2},"end":{"line":13,"column":3}},"loc":{"start":{"line":13,"column":20},"end":{"line":26,"column":3}},"line":13},"1":{"name":"(anonymous_1)","decl":{"start":{"line":32,"column":2},"end":{"line":32,"column":3}},"loc":{"start":{"line":32,"column":21},"end":{"line":50,"column":3}},"line":32},"2":{"name":"(anonymous_2)","decl":{"start":{"line":35,"column":11},"end":{"line":35,"column":12}},"loc":{"start":{"line":35,"column":23},"end":{"line":35,"column":25}},"line":35},"3":{"name":"(anonymous_3)","decl":{"start":{"line":36,"column":17},"end":{"line":36,"column":18}},"loc":{"start":{"line":36,"column":25},"end":{"line":36,"column":42}},"line":36},"4":{"name":"(anonymous_4)","decl":{"start":{"line":55,"column":2},"end":{"line":55,"column":3}},"loc":{"start":{"line":55,"column":14},"end":{"line":57,"column":3}},"line":55},"5":{"name":"(anonymous_5)","decl":{"start":{"line":62,"column":2},"end":{"line":62,"column":3}},"loc":{"start":{"line":62,"column":7},"end":{"line":66,"column":3}},"line":62},"6":{"name":"(anonymous_6)","decl":{"start":{"line":72,"column":2},"end":{"line":72,"column":3}},"loc":{"start":{"line":72,"column":22},"end":{"line":77,"column":3}},"line":72},"7":{"name":"(anonymous_7)","decl":{"start":{"line":75,"column":12},"end":{"line":75,"column":13}},"loc":{"start":{"line":75,"column":26},"end":{"line":75,"column":36}},"line":75},"8":{"name":"(anonymous_8)","decl":{"start":{"line":76,"column":13},"end":{"line":76,"column":14}},"loc":{"start":{"line":76,"column":25},"end":{"line":76,"column":30}},"line":76}},"branchMap":{"0":{"loc":{"start":{"line":14,"column":4},"end":{"line":25,"column":5}},"type":"if","locations":[{"start":{"line":14,"column":4},"end":{"line":25,"column":5}},{"start":{"line":14,"column":4},"end":{"line":25,"column":5}}],"line":14},"1":{"loc":{"start":{"line":15,"column":6},"end":{"line":17,"column":61}},"type":"binary-expr","locations":[{"start":{"line":15,"column":6},"end":{"line":15,"column":62}},{"start":{"line":16,"column":9},"end":{"line":16,"column":64}},{"start":{"line":17,"column":9},"end":{"line":17,"column":61}}],"line":15},"2":{"loc":{"start":{"line":41,"column":4},"end":{"line":49,"column":5}},"type":"if","locations":[{"start":{"line":41,"column":4},"end":{"line":49,"column":5}},{"start":{"line":41,"column":4},"end":{"line":49,"column":5}}],"line":41}},"s":{"0":1,"1":8,"2":7,"3":1,"4":2,"5":6,"6":4,"7":2,"8":1,"9":4,"10":3,"11":2,"12":1,"13":1},"f":{"0":8,"1":2,"2":6,"3":4,"4":4,"5":3,"6":2,"7":1,"8":1},"b":{"0":[7,1],"1":[8,8,8],"2":[1,1]},"_coverageSchema":"1a1c01bbd47fc00a2c39e90264f33305004495a9","hash":"7e33b26e8a9c9ec41bb12ec111361c7e5826bd91"}
,"/home/informatica/Proyectos/testing-js/src/funciones.js": {"path":"/home/informatica/Proyectos/testing-js/src/funciones.js","statementMap":{"0":{"start":{"line":3,"column":21},"end":{"line":3,"column":36}},"1":{"start":{"line":3,"column":31},"end":{"line":3,"column":36}},"2":{"start":{"line":4,"column":22},"end":{"line":4,"column":37}},"3":{"start":{"line":4,"column":32},"end":{"line":4,"column":37}},"4":{"start":{"line":5,"column":27},"end":{"line":5,"column":42}},"5":{"start":{"line":5,"column":37},"end":{"line":5,"column":42}},"6":{"start":{"line":6,"column":23},"end":{"line":6,"column":38}},"7":{"start":{"line":6,"column":33},"end":{"line":6,"column":38}}},"fnMap":{"0":{"name":"(anonymous_0)","decl":{"start":{"line":3,"column":21},"end":{"line":3,"column":22}},"loc":{"start":{"line":3,"column":31},"end":{"line":3,"column":36}},"line":3},"1":{"name":"(anonymous_1)","decl":{"start":{"line":4,"column":22},"end":{"line":4,"column":23}},"loc":{"start":{"line":4,"column":32},"end":{"line":4,"column":37}},"line":4},"2":{"name":"(anonymous_2)","decl":{"start":{"line":5,"column":27},"end":{"line":5,"column":28}},"loc":{"start":{"line":5,"column":37},"end":{"line":5,"column":42}},"line":5},"3":{"name":"(anonymous_3)","decl":{"start":{"line":6,"column":23},"end":{"line":6,"column":24}},"loc":{"start":{"line":6,"column":33},"end":{"line":6,"column":38}},"line":6}},"branchMap":{},"s":{"0":2,"1":2,"2":2,"3":3,"4":2,"5":2,"6":2,"7":2},"f":{"0":2,"1":3,"2":2,"3":2},"b":{},"_coverageSchema":"1a1c01bbd47fc00a2c39e90264f33305004495a9","hash":"b9da71fb1481ab761bd7314d58aab788a4e13d65"}
,"/home/informatica/Proyectos/testing-js/src/persona.js": {"path":"/home/informatica/Proyectos/testing-js/src/persona.js","statementMap":{"0":{"start":{"line":1,"column":24},"end":{"line":4,"column":1}},"1":{"start":{"line":5,"column":24},"end":{"line":8,"column":1}}},"fnMap":{},"branchMap":{},"s":{"0":1,"1":1},"f":{},"b":{},"_coverageSchema":"1a1c01bbd47fc00a2c39e90264f33305004495a9","hash":"2b9edb49744c525655cd7a81505df60cd2e17c9e"}
,"/home/informatica/Proyectos/testing-js/src/snapshot.js": {"path":"/home/informatica/Proyectos/testing-js/src/snapshot.js","statementMap":{"0":{"start":{"line":1,"column":30},"end":{"line":6,"column":2}},"1":{"start":{"line":1,"column":40},"end":{"line":6,"column":1}},"2":{"start":{"line":7,"column":20},"end":{"line":9,"column":2}},"3":{"start":{"line":7,"column":31},"end":{"line":9,"column":1}}},"fnMap":{"0":{"name":"(anonymous_0)","decl":{"start":{"line":1,"column":30},"end":{"line":1,"column":31}},"loc":{"start":{"line":1,"column":40},"end":{"line":6,"column":1}},"line":1},"1":{"name":"(anonymous_1)","decl":{"start":{"line":7,"column":20},"end":{"line":7,"column":21}},"loc":{"start":{"line":7,"column":31},"end":{"line":9,"column":1}},"line":7}},"branchMap":{},"s":{"0":1,"1":1,"2":1,"3":1},"f":{"0":1,"1":1},"b":{},"_coverageSchema":"1a1c01bbd47fc00a2c39e90264f33305004495a9","hash":"837f5c60c53831a5b89e47e84f652264c70ec347"}
,"/home/informatica/Proyectos/testing-js/src/strings.js": {"path":"/home/informatica/Proyectos/testing-js/src/strings.js","statementMap":{},"fnMap":{},"branchMap":{},"s":{},"f":{},"b":{},"_coverageSchema":"1a1c01bbd47fc00a2c39e90264f33305004495a9","hash":"ba2214fbb73a36bf0965c039daca61479c306c2b"}
,"/home/informatica/Proyectos/testing-js/src/todolist.js": {"path":"/home/informatica/Proyectos/testing-js/src/todolist.js","statementMap":{"0":{"start":{"line":4,"column":16},"end":{"line":15,"column":1}},"1":{"start":{"line":6,"column":23},"end":{"line":6,"column":57}},"2":{"start":{"line":8,"column":24},"end":{"line":8,"column":69}},"3":{"start":{"line":10,"column":2},"end":{"line":10,"column":54}},"4":{"start":{"line":12,"column":2},"end":{"line":12,"column":66}},"5":{"start":{"line":14,"column":2},"end":{"line":14,"column":26}},"6":{"start":{"line":18,"column":0},"end":{"line":18,"column":70}}},"fnMap":{"0":{"name":"(anonymous_0)","decl":{"start":{"line":4,"column":16},"end":{"line":4,"column":17}},"loc":{"start":{"line":4,"column":22},"end":{"line":15,"column":1}},"line":4}},"branchMap":{},"s":{"0":1,"1":1,"2":1,"3":1,"4":1,"5":1,"6":1},"f":{"0":1},"b":{},"_coverageSchema":"1a1c01bbd47fc00a2c39e90264f33305004495a9","hash":"4b781979bca02a0c0dc5b30ceb94e7a7842f97e3"}
}
