TN:
SF:src/arrays.js
FNF:0
FNH:0
DA:2,1
DA:3,1
LF:2
LH:2
BRF:0
BRH:0
end_of_record
TN:
SF:src/asincronia.js
FN:7,(anonymous_0)
FN:7,(anonymous_1)
FN:10,(anonymous_2)
FN:10,(anonymous_3)
FN:12,(anonymous_4)
FN:13,(anonymous_5)
FNF:6
FNH:6
FNDA:1,(anonymous_0)
FNDA:1,(anonymous_1)
FNDA:6,(anonymous_2)
FNDA:6,(anonymous_3)
FNDA:4,(anonymous_4)
FNDA:2,(anonymous_5)
DA:7,1
DA:10,6
DA:11,6
DA:12,4
DA:13,2
LF:5
LH:5
BRF:0
BRH:0
end_of_record
TN:
SF:src/boolean.js
FN:2,(anonymous_0)
FN:3,(anonymous_1)
FN:4,(anonymous_2)
FN:5,(anonymous_3)
FNF:4
FNH:4
FNDA:1,(anonymous_0)
FNDA:1,(anonymous_1)
FNDA:1,(anonymous_2)
FNDA:1,(anonymous_3)
DA:2,1
DA:3,1
DA:4,1
DA:5,1
LF:4
LH:4
BRF:0
BRH:0
end_of_record
TN:
SF:src/contactos.js
FN:13,(anonymous_0)
FN:32,(anonymous_1)
FN:35,(anonymous_2)
FN:36,(anonymous_3)
FN:55,(anonymous_4)
FN:62,(anonymous_5)
FN:72,(anonymous_6)
FN:75,(anonymous_7)
FN:76,(anonymous_8)
FNF:9
FNH:9
FNDA:8,(anonymous_0)
FNDA:2,(anonymous_1)
FNDA:6,(anonymous_2)
FNDA:4,(anonymous_3)
FNDA:4,(anonymous_4)
FNDA:3,(anonymous_5)
FNDA:2,(anonymous_6)
FNDA:1,(anonymous_7)
FNDA:1,(anonymous_8)
DA:5,1
DA:14,8
DA:22,7
DA:24,1
DA:34,2
DA:35,6
DA:36,4
DA:41,2
DA:43,1
DA:56,4
DA:63,3
DA:74,2
DA:75,1
DA:76,1
LF:14
LH:14
BRDA:14,0,0,7
BRDA:14,0,1,1
BRDA:15,1,0,8
BRDA:15,1,1,8
BRDA:15,1,2,8
BRDA:41,2,0,1
BRDA:41,2,1,1
BRF:7
BRH:7
end_of_record
TN:
SF:src/funciones.js
FN:3,(anonymous_0)
FN:4,(anonymous_1)
FN:5,(anonymous_2)
FN:6,(anonymous_3)
FNF:4
FNH:4
FNDA:2,(anonymous_0)
FNDA:3,(anonymous_1)
FNDA:2,(anonymous_2)
FNDA:2,(anonymous_3)
DA:3,2
DA:4,3
DA:5,2
DA:6,2
LF:4
LH:4
BRF:0
BRH:0
end_of_record
TN:
SF:src/persona.js
FNF:0
FNH:0
DA:1,1
DA:5,1
LF:2
LH:2
BRF:0
BRH:0
end_of_record
TN:
SF:src/snapshot.js
FN:1,(anonymous_0)
FN:7,(anonymous_1)
FNF:2
FNH:2
FNDA:1,(anonymous_0)
FNDA:1,(anonymous_1)
DA:1,1
DA:7,1
LF:2
LH:2
BRF:0
BRH:0
end_of_record
TN:
SF:src/strings.js
FNF:0
FNH:0
LF:0
LH:0
BRF:0
BRH:0
end_of_record
TN:
SF:src/todolist.js
FN:4,(anonymous_0)
FNF:1
FNH:1
FNDA:1,(anonymous_0)
DA:4,1
DA:6,1
DA:8,1
DA:10,1
DA:12,1
DA:14,1
DA:18,1
LF:7
LH:7
BRF:0
BRH:0
end_of_record
